2012-07-25 21:12:34,137,INFO:---------
2012-07-25 21:12:34,137,INFO:---------
2012-07-25 21:12:34,137,INFO:AlmConnector initialized
2012-07-25 21:12:35,512,ERROR:'Unable to connect to SD Elements.Please review URL, id, and password in configuration file.'
2012-07-25 21:13:43,184,INFO:---------
2012-07-25 21:13:43,184,INFO:---------
2012-07-25 21:13:43,184,INFO:AlmConnector initialized
2012-07-25 21:13:45,539,ERROR:'Unable to get tasks from SD Elements.Please ensure the application and project are valid and that the user has sufficient permission to access the project'
2012-07-25 21:14:27,855,INFO:---------
2012-07-25 21:14:27,855,INFO:---------
2012-07-25 21:14:27,855,INFO:AlmConnector initialized
2012-07-25 21:14:32,799,INFO:Retrieved all tasks from SDE
2012-07-25 21:15:34,046,INFO:---------
2012-07-25 21:15:34,046,INFO:---------
2012-07-25 21:15:34,046,INFO:AlmConnector initialized
2012-07-25 21:15:39,131,INFO:Retrieved all tasks from SDE
2012-07-25 21:18:34,836,INFO:---------
2012-07-25 21:18:34,836,INFO:---------
2012-07-25 21:18:34,836,INFO:AlmConnector initialized
2012-07-25 21:18:39,844,INFO:Retrieved all tasks from SDE
2012-07-25 21:21:12,588,INFO:---------
2012-07-25 21:21:12,588,INFO:---------
2012-07-25 21:21:12,588,INFO:AlmConnector initialized
2012-07-25 21:21:17,392,INFO:Retrieved all tasks from SDE
2012-07-25 21:21:19,701,DEBUG:Sucessfuly set note for task 558-T146
2012-07-25 21:21:19,701,INFO:Added task 558-T146 to ALM
2012-07-25 21:21:21,980,DEBUG:Sucessfuly set note for task 558-T148
2012-07-25 21:21:21,980,INFO:Added task 558-T148 to ALM
2012-07-25 21:21:24,319,DEBUG:Sucessfuly set note for task 558-T72
2012-07-25 21:21:24,319,INFO:Added task 558-T72 to ALM
2012-07-25 21:21:26,098,DEBUG:Sucessfuly set note for task 558-T145
2012-07-25 21:21:26,098,INFO:Added task 558-T145 to ALM
2012-07-25 21:21:30,778,DEBUG:Sucessfuly set note for task 558-T61
2012-07-25 21:21:30,778,INFO:Added task 558-T61 to ALM
2012-07-25 21:21:34,023,DEBUG:Sucessfuly set note for task 558-T49
2012-07-25 21:21:34,023,INFO:Added task 558-T49 to ALM
2012-07-25 21:21:35,848,DEBUG:Sucessfuly set note for task 558-T150
2012-07-25 21:21:35,848,INFO:Added task 558-T150 to ALM
2012-07-25 21:21:37,688,DEBUG:Sucessfuly set note for task 558-T162
2012-07-25 21:21:37,688,INFO:Added task 558-T162 to ALM
2012-07-25 21:21:41,510,DEBUG:Sucessfuly set note for task 558-T153
2012-07-25 21:21:41,510,INFO:Added task 558-T153 to ALM
2012-07-25 21:21:41,510,INFO:Synchronization complete
2012-07-25 21:27:26,375,INFO:---------
2012-07-25 21:27:26,375,INFO:---------
2012-07-25 21:27:26,375,INFO:AlmConnector initialized
2012-07-25 21:27:31,305,INFO:Retrieved all tasks from SDE
2012-07-25 21:35:25,467,INFO:---------
2012-07-25 21:35:25,467,INFO:---------
2012-07-25 21:35:25,467,INFO:AlmConnector initialized
2012-07-25 21:35:30,365,INFO:Retrieved all tasks from SDE
2012-07-25 21:35:30,927,INFO:Error return: 401, Invalid Email/Password.
2012-07-25 21:35:30,927,ERROR:u'Unable to get task 558-T38 from JIRA'
2012-07-25 21:39:18,811,INFO:---------
2012-07-25 21:39:18,811,INFO:---------
2012-07-25 21:39:18,811,INFO:AlmConnector initialized
2012-07-25 21:39:19,763,ERROR:'Unable to connect to SD Elements.Please review URL, id, and password in configuration file.'
2012-07-25 21:50:00,292,INFO:---------
2012-07-25 21:50:00,292,INFO:---------
2012-07-25 21:50:00,292,INFO:AlmConnector initialized
2012-07-25 21:50:05,440,INFO:Retrieved all tasks from SDE
2012-07-25 21:50:18,717,INFO:Synchronization complete
2012-07-25 21:51:57,032,INFO:---------
2012-07-25 21:51:57,032,INFO:---------
2012-07-25 21:51:57,032,INFO:AlmConnector initialized
2012-07-25 21:52:02,170,INFO:Retrieved all tasks from SDE
2012-07-25 21:53:45,236,INFO:---------
2012-07-25 21:53:45,236,INFO:---------
2012-07-25 21:53:45,236,INFO:AlmConnector initialized
2012-07-25 21:53:50,306,INFO:Retrieved all tasks from SDE
2012-07-25 21:53:52,599,DEBUG:Sucessfuly set note for task 558-T101
2012-07-25 21:53:52,599,INFO:Added task 558-T101 to ALM
2012-07-25 21:53:55,474,DEBUG:Sucessfuly set note for task 558-T172
2012-07-25 21:53:55,474,INFO:Added task 558-T172 to ALM
2012-07-25 21:53:57,194,DEBUG:Sucessfuly set note for task 558-T173
2012-07-25 21:53:57,197,INFO:Added task 558-T173 to ALM
2012-07-25 21:53:58,923,DEBUG:Sucessfuly set note for task 558-T81
2012-07-25 21:53:58,923,INFO:Added task 558-T81 to ALM
2012-07-25 21:54:02,384,DEBUG:Sucessfuly set note for task 558-T85
2012-07-25 21:54:02,385,INFO:Added task 558-T85 to ALM
2012-07-25 21:54:04,104,DEBUG:Sucessfuly set note for task 558-T123
2012-07-25 21:54:04,104,INFO:Added task 558-T123 to ALM
2012-07-25 21:54:07,000,DEBUG:Sucessfuly set note for task 558-T80
2012-07-25 21:54:07,000,INFO:Added task 558-T80 to ALM
2012-07-25 21:54:08,786,DEBUG:Sucessfuly set note for task 558-T93
2012-07-25 21:54:08,789,INFO:Added task 558-T93 to ALM
2012-07-25 21:54:12,279,DEBUG:Sucessfuly set note for task 558-T175
2012-07-25 21:54:12,279,INFO:Added task 558-T175 to ALM
2012-07-25 21:54:15,213,DEBUG:Sucessfuly set note for task 558-T82
2012-07-25 21:54:15,213,INFO:Added task 558-T82 to ALM
2012-07-25 21:54:21,489,DEBUG:Sucessfuly set note for task 558-T174
2012-07-25 21:54:21,489,INFO:Added task 558-T174 to ALM
2012-07-25 21:54:22,611,INFO:Synchronization complete
2012-07-25 21:55:21,793,INFO:---------
2012-07-25 21:55:21,795,INFO:---------
2012-07-25 21:55:21,795,INFO:AlmConnector initialized
2012-07-25 21:55:27,180,INFO:Retrieved all tasks from SDE
2012-07-25 21:55:30,609,INFO:Attempting to update task 558-T173 to NA
2012-07-25 21:55:31,173,INFO:Status for task 558-T173 successfully set in SD Elements
2012-07-25 21:55:31,680,DEBUG:Sucessfuly set note for task 558-T173
2012-07-25 21:55:31,680,INFO:Updated status of task  558-T173 in alm
2012-07-25 21:55:47,125,INFO:Synchronization complete
2012-07-25 22:00:19,089,INFO:---------
2012-07-25 22:00:19,111,INFO:---------
2012-07-25 22:00:19,111,INFO:AlmConnector initialized
2012-07-25 22:00:24,230,INFO:Retrieved all tasks from SDE
2012-07-25 22:00:43,101,INFO:Synchronization complete
2012-07-25 22:01:48,476,INFO:---------
2012-07-25 22:01:48,476,INFO:---------
2012-07-25 22:01:48,476,INFO:AlmConnector initialized
2012-07-25 22:01:53,512,INFO:Retrieved all tasks from SDE
2012-07-25 22:01:56,398,INFO:Attempting to update task 558-T172 to DONE
2012-07-25 22:01:57,006,INFO:Status for task 558-T172 successfully set in SD Elements
2012-07-25 22:01:57,539,DEBUG:Sucessfuly set note for task 558-T172
2012-07-25 22:01:57,539,INFO:Updated status of task  558-T172 in alm
2012-07-25 22:02:13,226,INFO:Synchronization complete
2012-07-25 22:14:27,470,INFO:---------
2012-07-25 22:14:27,470,INFO:---------
2012-07-25 22:14:27,470,INFO:AlmConnector initialized
2012-07-25 22:14:32,451,INFO:Retrieved all tasks from SDE
2012-07-25 22:14:51,292,INFO:Synchronization complete
2012-07-25 22:16:10,421,INFO:---------
2012-07-25 22:16:10,421,INFO:---------
2012-07-25 22:16:10,421,INFO:AlmConnector initialized
2012-07-25 22:16:19,052,INFO:Retrieved all tasks from SDE
2012-07-25 22:16:20,801,DEBUG:Sucessfuly set note for task 561-T38
2012-07-25 22:16:20,801,INFO:Added task 561-T38 to ALM
2012-07-25 22:16:22,519,DEBUG:Sucessfuly set note for task 561-T21
2012-07-25 22:16:22,519,INFO:Added task 561-T21 to ALM
2012-07-25 22:16:24,062,DEBUG:Sucessfuly set note for task 561-T87
2012-07-25 22:16:24,078,INFO:Added task 561-T87 to ALM
2012-07-25 22:16:25,819,DEBUG:Sucessfuly set note for task 561-T101
2012-07-25 22:16:25,819,INFO:Added task 561-T101 to ALM
2012-07-25 22:16:27,584,DEBUG:Sucessfuly set note for task 561-T6
2012-07-25 22:16:27,584,INFO:Added task 561-T6 to ALM
2012-07-25 22:16:29,296,DEBUG:Sucessfuly set note for task 561-T50
2012-07-25 22:16:29,296,INFO:Added task 561-T50 to ALM
2012-07-25 22:16:31,213,DEBUG:Sucessfuly set note for task 561-T81
2012-07-25 22:16:31,213,INFO:Added task 561-T81 to ALM
2012-07-25 22:16:32,980,DEBUG:Sucessfuly set note for task 561-T106
2012-07-25 22:16:32,980,INFO:Added task 561-T106 to ALM
2012-07-25 22:16:34,802,DEBUG:Sucessfuly set note for task 561-T128
2012-07-25 22:16:34,802,INFO:Added task 561-T128 to ALM
2012-07-25 22:16:36,582,DEBUG:Sucessfuly set note for task 561-T2
2012-07-25 22:16:36,582,INFO:Added task 561-T2 to ALM
2012-07-25 22:16:38,164,DEBUG:Sucessfuly set note for task 561-T17
2012-07-25 22:16:38,164,INFO:Added task 561-T17 to ALM
2012-07-25 22:16:39,944,DEBUG:Sucessfuly set note for task 561-T33
2012-07-25 22:16:39,944,INFO:Added task 561-T33 to ALM
2012-07-25 22:16:41,512,DEBUG:Sucessfuly set note for task 561-T36
2012-07-25 22:16:41,512,INFO:Added task 561-T36 to ALM
2012-07-25 22:16:43,201,DEBUG:Sucessfuly set note for task 561-T37
2012-07-25 22:16:43,201,INFO:Added task 561-T37 to ALM
2012-07-25 22:16:44,996,DEBUG:Sucessfuly set note for task 561-T48
2012-07-25 22:16:44,996,INFO:Added task 561-T48 to ALM
2012-07-25 22:16:46,763,DEBUG:Sucessfuly set note for task 561-T72
2012-07-25 22:16:46,763,INFO:Added task 561-T72 to ALM
2012-07-25 22:16:48,510,DEBUG:Sucessfuly set note for task 561-T78
2012-07-25 22:16:48,510,INFO:Added task 561-T78 to ALM
2012-07-25 22:16:50,341,DEBUG:Sucessfuly set note for task 561-T85
2012-07-25 22:16:50,341,INFO:Added task 561-T85 to ALM
2012-07-25 22:16:52,150,DEBUG:Sucessfuly set note for task 561-T89
2012-07-25 22:16:52,150,INFO:Added task 561-T89 to ALM
2012-07-25 22:16:53,888,DEBUG:Sucessfuly set note for task 561-T99
2012-07-25 22:16:53,888,INFO:Added task 561-T99 to ALM
2012-07-25 22:16:55,642,DEBUG:Sucessfuly set note for task 561-T123
2012-07-25 22:16:55,642,INFO:Added task 561-T123 to ALM
2012-07-25 22:16:57,509,DEBUG:Sucessfuly set note for task 561-T127
2012-07-25 22:16:57,509,INFO:Added task 561-T127 to ALM
2012-07-25 22:16:59,928,DEBUG:Sucessfuly set note for task 561-T169
2012-07-25 22:16:59,928,INFO:Added task 561-T169 to ALM
2012-07-25 22:17:01,819,DEBUG:Sucessfuly set note for task 561-T179
2012-07-25 22:17:01,819,INFO:Added task 561-T179 to ALM
2012-07-25 22:17:03,546,DEBUG:Sucessfuly set note for task 561-T31
2012-07-25 22:17:03,548,INFO:Added task 561-T31 to ALM
2012-07-25 22:17:05,256,DEBUG:Sucessfuly set note for task 561-T5
2012-07-25 22:17:05,256,INFO:Added task 561-T5 to ALM
2012-07-25 22:17:06,915,DEBUG:Sucessfuly set note for task 561-T11
2012-07-25 22:17:06,917,INFO:Added task 561-T11 to ALM
2012-07-25 22:17:08,467,DEBUG:Sucessfuly set note for task 561-T16
2012-07-25 22:17:08,467,INFO:Added task 561-T16 to ALM
2012-07-25 22:17:10,009,DEBUG:Sucessfuly set note for task 561-T26
2012-07-25 22:17:10,009,INFO:Added task 561-T26 to ALM
2012-07-25 22:17:11,740,DEBUG:Sucessfuly set note for task 561-T29
2012-07-25 22:17:11,740,INFO:Added task 561-T29 to ALM
2012-07-25 22:17:13,480,DEBUG:Sucessfuly set note for task 561-T80
2012-07-25 22:17:13,480,INFO:Added task 561-T80 to ALM
2012-07-25 22:17:15,308,DEBUG:Sucessfuly set note for task 561-T84
2012-07-25 22:17:15,308,INFO:Added task 561-T84 to ALM
2012-07-25 22:17:16,992,DEBUG:Sucessfuly set note for task 561-T93
2012-07-25 22:17:16,992,INFO:Added task 561-T93 to ALM
2012-07-25 22:17:18,809,DEBUG:Sucessfuly set note for task 561-T96
2012-07-25 22:17:18,809,INFO:Added task 561-T96 to ALM
2012-07-25 22:17:20,651,DEBUG:Sucessfuly set note for task 561-T98
2012-07-25 22:17:20,651,INFO:Added task 561-T98 to ALM
2012-07-25 22:17:22,440,DEBUG:Sucessfuly set note for task 561-T125
2012-07-25 22:17:22,440,INFO:Added task 561-T125 to ALM
2012-07-25 22:17:24,174,DEBUG:Sucessfuly set note for task 561-T178
2012-07-25 22:17:24,174,INFO:Added task 561-T178 to ALM
2012-07-25 22:17:25,918,DEBUG:Sucessfuly set note for task 561-T7
2012-07-25 22:17:25,918,INFO:Added task 561-T7 to ALM
2012-07-25 22:17:27,737,DEBUG:Sucessfuly set note for task 561-T8
2012-07-25 22:17:27,737,INFO:Added task 561-T8 to ALM
2012-07-25 22:17:29,328,DEBUG:Sucessfuly set note for task 561-T55
2012-07-25 22:17:29,328,INFO:Added task 561-T55 to ALM
2012-07-25 22:17:31,108,DEBUG:Sucessfuly set note for task 561-T61
2012-07-25 22:17:31,109,INFO:Added task 561-T61 to ALM
2012-07-25 22:17:32,882,DEBUG:Sucessfuly set note for task 561-T66
2012-07-25 22:17:32,882,INFO:Added task 561-T66 to ALM
2012-07-25 22:17:34,536,DEBUG:Sucessfuly set note for task 561-T75
2012-07-25 22:17:34,536,INFO:Added task 561-T75 to ALM
2012-07-25 22:17:36,315,DEBUG:Sucessfuly set note for task 561-T82
2012-07-25 22:17:36,315,INFO:Added task 561-T82 to ALM
2012-07-25 22:17:38,019,DEBUG:Sucessfuly set note for task 561-T116
2012-07-25 22:17:38,019,INFO:Added task 561-T116 to ALM
2012-07-25 22:17:39,813,DEBUG:Sucessfuly set note for task 561-T126
2012-07-25 22:17:39,813,INFO:Added task 561-T126 to ALM
2012-07-25 22:17:41,592,DEBUG:Sucessfuly set note for task 561-T156
2012-07-25 22:17:41,592,INFO:Added task 561-T156 to ALM
2012-07-25 22:17:43,313,DEBUG:Sucessfuly set note for task 561-T177
2012-07-25 22:17:43,313,INFO:Added task 561-T177 to ALM
2012-07-25 22:17:45,108,DEBUG:Sucessfuly set note for task 561-T3
2012-07-25 22:17:45,108,INFO:Added task 561-T3 to ALM
2012-07-25 22:17:46,855,DEBUG:Sucessfuly set note for task 561-T9
2012-07-25 22:17:46,855,INFO:Added task 561-T9 to ALM
2012-07-25 22:17:48,602,DEBUG:Sucessfuly set note for task 561-T24
2012-07-25 22:17:48,602,INFO:Added task 561-T24 to ALM
2012-07-25 22:17:50,397,DEBUG:Sucessfuly set note for task 561-T27
2012-07-25 22:17:50,397,INFO:Added task 561-T27 to ALM
2012-07-25 22:17:52,128,DEBUG:Sucessfuly set note for task 561-T28
2012-07-25 22:17:52,128,INFO:Added task 561-T28 to ALM
2012-07-25 22:17:53,852,DEBUG:Sucessfuly set note for task 561-T34
2012-07-25 22:17:53,852,INFO:Added task 561-T34 to ALM
2012-07-25 22:17:55,663,DEBUG:Sucessfuly set note for task 561-T49
2012-07-25 22:17:55,663,INFO:Added task 561-T49 to ALM
2012-07-25 22:17:57,269,DEBUG:Sucessfuly set note for task 561-T76
2012-07-25 22:17:57,269,INFO:Added task 561-T76 to ALM
2012-07-25 22:17:59,016,DEBUG:Sucessfuly set note for task 561-T79
2012-07-25 22:17:59,016,INFO:Added task 561-T79 to ALM
2012-07-25 22:18:00,811,DEBUG:Sucessfuly set note for task 561-T83
2012-07-25 22:18:00,811,INFO:Added task 561-T83 to ALM
2012-07-25 22:18:02,526,DEBUG:Sucessfuly set note for task 561-T90
2012-07-25 22:18:02,526,INFO:Added task 561-T90 to ALM
2012-07-25 22:18:04,289,DEBUG:Sucessfuly set note for task 561-T94
2012-07-25 22:18:04,289,INFO:Added task 561-T94 to ALM
2012-07-25 22:18:05,834,DEBUG:Sucessfuly set note for task 561-T95
2012-07-25 22:18:05,834,INFO:Added task 561-T95 to ALM
2012-07-25 22:18:07,628,DEBUG:Sucessfuly set note for task 561-T105
2012-07-25 22:18:07,628,INFO:Added task 561-T105 to ALM
2012-07-25 22:18:09,125,DEBUG:Sucessfuly set note for task 561-T186
2012-07-25 22:18:09,125,INFO:Added task 561-T186 to ALM
2012-07-25 22:18:10,888,DEBUG:Sucessfuly set note for task 561-T4
2012-07-25 22:18:10,888,INFO:Added task 561-T4 to ALM
2012-07-25 22:18:12,598,DEBUG:Sucessfuly set note for task 561-T10
2012-07-25 22:18:12,598,INFO:Added task 561-T10 to ALM
2012-07-25 22:18:14,348,DEBUG:Sucessfuly set note for task 561-T20
2012-07-25 22:18:14,348,INFO:Added task 561-T20 to ALM
2012-07-25 22:18:16,142,DEBUG:Sucessfuly set note for task 561-T22
2012-07-25 22:18:16,142,INFO:Added task 561-T22 to ALM
2012-07-25 22:18:17,655,DEBUG:Sucessfuly set note for task 561-T23
2012-07-25 22:18:17,655,INFO:Added task 561-T23 to ALM
2012-07-25 22:18:19,388,DEBUG:Sucessfuly set note for task 561-T40
2012-07-25 22:18:19,388,INFO:Added task 561-T40 to ALM
2012-07-25 22:18:21,170,DEBUG:Sucessfuly set note for task 561-T63
2012-07-25 22:18:21,170,INFO:Added task 561-T63 to ALM
2012-07-25 22:18:22,701,DEBUG:Sucessfuly set note for task 561-T69
2012-07-25 22:18:22,701,INFO:Added task 561-T69 to ALM
2012-07-25 22:18:24,401,DEBUG:Sucessfuly set note for task 561-T70
2012-07-25 22:18:24,401,INFO:Added task 561-T70 to ALM
2012-07-25 22:18:26,196,DEBUG:Sucessfuly set note for task 561-T86
2012-07-25 22:18:26,196,INFO:Added task 561-T86 to ALM
2012-07-25 22:18:27,959,DEBUG:Sucessfuly set note for task 561-T88
2012-07-25 22:18:27,959,INFO:Added task 561-T88 to ALM
2012-07-25 22:18:29,549,DEBUG:Sucessfuly set note for task 561-T91
2012-07-25 22:18:29,582,INFO:Added task 561-T91 to ALM
2012-07-25 22:18:31,391,DEBUG:Sucessfuly set note for task 561-T111
2012-07-25 22:18:31,391,INFO:Added task 561-T111 to ALM
2012-07-25 22:18:33,075,DEBUG:Sucessfuly set note for task 561-T180
2012-07-25 22:18:33,075,INFO:Added task 561-T180 to ALM
2012-07-25 22:18:34,638,DEBUG:Sucessfuly set note for task 561-T189
2012-07-25 22:18:34,638,INFO:Added task 561-T189 to ALM
2012-07-25 22:18:36,346,DEBUG:Sucessfuly set note for task 561-T12
2012-07-25 22:18:36,348,INFO:Added task 561-T12 to ALM
2012-07-25 22:18:38,069,DEBUG:Sucessfuly set note for task 561-T39
2012-07-25 22:18:38,069,INFO:Added task 561-T39 to ALM
2012-07-25 22:18:39,823,DEBUG:Sucessfuly set note for task 561-T45
2012-07-25 22:18:39,823,INFO:Added task 561-T45 to ALM
2012-07-25 22:18:41,676,DEBUG:Sucessfuly set note for task 561-T46
2012-07-25 22:18:41,676,INFO:Added task 561-T46 to ALM
2012-07-25 22:18:43,313,DEBUG:Sucessfuly set note for task 561-T47
2012-07-25 22:18:43,313,INFO:Added task 561-T47 to ALM
2012-07-25 22:18:45,015,DEBUG:Sucessfuly set note for task 561-T51
2012-07-25 22:18:45,015,INFO:Added task 561-T51 to ALM
2012-07-25 22:18:46,809,DEBUG:Sucessfuly set note for task 561-T62
2012-07-25 22:18:46,809,INFO:Added task 561-T62 to ALM
2012-07-25 22:18:48,540,DEBUG:Sucessfuly set note for task 561-T64
2012-07-25 22:18:48,540,INFO:Added task 561-T64 to ALM
2012-07-25 22:18:50,319,DEBUG:Sucessfuly set note for task 561-T65
2012-07-25 22:18:50,319,INFO:Added task 561-T65 to ALM
2012-07-25 22:18:52,051,DEBUG:Sucessfuly set note for task 561-T71
2012-07-25 22:18:52,051,INFO:Added task 561-T71 to ALM
2012-07-25 22:18:53,845,DEBUG:Sucessfuly set note for task 561-T104
2012-07-25 22:18:53,845,INFO:Added task 561-T104 to ALM
2012-07-25 22:18:55,467,DEBUG:Sucessfuly set note for task 561-T112
2012-07-25 22:18:55,467,INFO:Added task 561-T112 to ALM
2012-07-25 22:18:57,075,DEBUG:Sucessfuly set note for task 561-T113
2012-07-25 22:18:57,075,INFO:Added task 561-T113 to ALM
2012-07-25 22:18:58,759,DEBUG:Sucessfuly set note for task 561-T135
2012-07-25 22:18:58,759,INFO:Added task 561-T135 to ALM
2012-07-25 22:19:00,229,DEBUG:Sucessfuly set note for task 561-T25
2012-07-25 22:19:00,229,INFO:Added task 561-T25 to ALM
2012-07-25 22:19:01,980,DEBUG:Sucessfuly set note for task 561-T44
2012-07-25 22:19:01,990,INFO:Added task 561-T44 to ALM
2012-07-25 22:19:03,704,DEBUG:Sucessfuly set note for task 561-T73
2012-07-25 22:19:03,704,INFO:Added task 561-T73 to ALM
2012-07-25 22:19:05,444,DEBUG:Sucessfuly set note for task 561-T92
2012-07-25 22:19:05,444,INFO:Added task 561-T92 to ALM
2012-07-25 22:19:07,188,DEBUG:Sucessfuly set note for task 561-T124
2012-07-25 22:19:07,188,INFO:Added task 561-T124 to ALM
2012-07-25 22:19:08,983,DEBUG:Sucessfuly set note for task 561-T132
2012-07-25 22:19:08,983,INFO:Added task 561-T132 to ALM
2012-07-25 22:19:08,983,INFO:Synchronization complete
