2012-07-17 17:06:23,296,INFO:---------
2012-07-17 17:06:23,296,INFO:---------
2012-07-17 17:06:23,296,INFO:AlmConnector initialized
2012-07-17 17:06:33,315,INFO:Retrieved all tasks from SDE
2012-07-17 17:06:33,315,INFO:Checking to see if phase requirements is in scope
2012-07-17 17:06:33,697,INFO:Checking to see if phase requirements is in scope
2012-07-17 17:06:34,023,INFO:Checking to see if phase development is in scope
2012-07-17 17:06:34,299,INFO:Checking to see if phase requirements is in scope
2012-07-17 17:06:34,598,INFO:Checking to see if phase testing is in scope
2012-07-17 17:06:34,598,INFO:Checking to see if phase testing is in scope
2012-07-17 17:06:34,598,INFO:Checking to see if phase development is in scope
2012-07-17 17:06:34,918,INFO:Checking to see if phase requirements is in scope
2012-07-17 17:06:35,259,INFO:Checking to see if phase requirements is in scope
2012-07-17 17:06:35,611,INFO:Checking to see if phase testing is in scope
2012-07-17 17:06:35,611,INFO:Checking to see if phase requirements is in scope
2012-07-17 17:06:35,927,INFO:Checking to see if phase requirements is in scope
2012-07-17 17:06:36,359,INFO:Checking to see if phase requirements is in scope
2012-07-17 17:06:36,627,INFO:Checking to see if phase testing is in scope
2012-07-17 17:06:36,627,INFO:Checking to see if phase testing is in scope
2012-07-17 17:06:36,628,INFO:Checking to see if phase testing is in scope
2012-07-17 17:06:36,628,INFO:Checking to see if phase testing is in scope
2012-07-17 17:06:36,628,INFO:Checking to see if phase requirements is in scope
2012-07-17 17:06:37,010,INFO:Checking to see if phase development is in scope
2012-07-17 17:06:37,318,INFO:Checking to see if phase development is in scope
2012-07-17 17:06:37,609,INFO:Checking to see if phase development is in scope
2012-07-17 17:06:37,951,INFO:Checking to see if phase development is in scope
2012-07-17 17:06:38,302,INFO:Checking to see if phase development is in scope
2012-07-17 17:06:38,592,INFO:Checking to see if phase testing is in scope
2012-07-17 17:06:38,592,INFO:Checking to see if phase testing is in scope
2012-07-17 17:06:38,592,INFO:Checking to see if phase testing is in scope
2012-07-17 17:06:38,592,INFO:Checking to see if phase testing is in scope
2012-07-17 17:06:38,592,INFO:Checking to see if phase testing is in scope
2012-07-17 17:06:38,592,INFO:Checking to see if phase testing is in scope
2012-07-17 17:06:38,594,INFO:Checking to see if phase requirements is in scope
2012-07-17 17:06:38,865,INFO:Checking to see if phase development is in scope
2012-07-17 17:06:39,250,INFO:Checking to see if phase development is in scope
2012-07-17 17:06:39,555,INFO:Checking to see if phase requirements is in scope
2012-07-17 17:06:39,861,INFO:Checking to see if phase development is in scope
2012-07-17 17:06:40,232,INFO:Checking to see if phase architecture-design is in scope
2012-07-17 17:06:40,515,INFO:Checking to see if phase architecture-design is in scope
2012-07-17 17:06:40,789,INFO:Checking to see if phase development is in scope
2012-07-17 17:06:41,115,INFO:Checking to see if phase architecture-design is in scope
2012-07-17 17:06:41,404,INFO:Checking to see if phase architecture-design is in scope
2012-07-17 17:06:41,721,INFO:Checking to see if phase requirements is in scope
2012-07-17 17:06:42,177,INFO:Checking to see if phase development is in scope
2012-07-17 17:06:42,479,INFO:Checking to see if phase architecture-design is in scope
2012-07-17 17:06:42,842,INFO:Checking to see if phase testing is in scope
2012-07-17 17:06:42,844,INFO:Checking to see if phase testing is in scope
2012-07-17 17:06:42,844,INFO:Checking to see if phase testing is in scope
2012-07-17 17:06:42,844,INFO:Checking to see if phase testing is in scope
2012-07-17 17:06:42,844,INFO:Checking to see if phase testing is in scope
2012-07-17 17:06:42,845,INFO:Checking to see if phase testing is in scope
2012-07-17 17:06:42,845,INFO:Checking to see if phase requirements is in scope
2012-07-17 17:06:43,243,INFO:Checking to see if phase requirements is in scope
2012-07-17 17:06:43,552,INFO:Checking to see if phase requirements is in scope
2012-07-17 17:06:43,842,INFO:Checking to see if phase requirements is in scope
2012-07-17 17:06:44,144,INFO:Checking to see if phase development is in scope
2012-07-17 17:06:44,487,INFO:Checking to see if phase development is in scope
2012-07-17 17:06:44,783,INFO:Checking to see if phase testing is in scope
2012-07-17 17:06:44,783,INFO:Checking to see if phase testing is in scope
2012-07-17 17:06:44,783,INFO:Checking to see if phase requirements is in scope
2012-07-17 17:06:45,233,INFO:Checking to see if phase requirements is in scope
2012-07-17 17:06:45,555,INFO:Checking to see if phase requirements is in scope
2012-07-17 17:06:45,924,INFO:Checking to see if phase requirements is in scope
2012-07-17 17:06:46,210,INFO:Checking to see if phase requirements is in scope
2012-07-17 17:06:46,532,INFO:Checking to see if phase requirements is in scope
2012-07-17 17:06:46,984,INFO:Checking to see if phase requirements is in scope
2012-07-17 17:06:47,323,INFO:Checking to see if phase development is in scope
2012-07-17 17:06:47,645,INFO:Checking to see if phase development is in scope
2012-07-17 17:06:47,891,INFO:Checking to see if phase development is in scope
2012-07-17 17:06:48,177,INFO:Checking to see if phase testing is in scope
2012-07-17 17:06:48,177,INFO:Checking to see if phase testing is in scope
2012-07-17 17:06:48,177,INFO:Checking to see if phase testing is in scope
2012-07-17 17:06:48,177,INFO:Checking to see if phase testing is in scope
2012-07-17 17:06:48,177,INFO:Checking to see if phase testing is in scope
2012-07-17 17:06:48,177,INFO:Checking to see if phase testing is in scope
2012-07-17 17:06:48,177,INFO:Checking to see if phase architecture-design is in scope
2012-07-17 17:06:48,565,INFO:Checking to see if phase requirements is in scope
2012-07-17 17:06:48,845,INFO:Checking to see if phase requirements is in scope
2012-07-17 17:06:49,163,INFO:Checking to see if phase requirements is in scope
2012-07-17 17:06:49,473,INFO:Checking to see if phase requirements is in scope
2012-07-17 17:06:49,778,INFO:Checking to see if phase requirements is in scope
2012-07-17 17:06:50,519,INFO:Checking to see if phase requirements is in scope
2012-07-17 17:06:50,858,INFO:Checking to see if phase development is in scope
2012-07-17 17:06:51,163,INFO:Checking to see if phase development is in scope
2012-07-17 17:06:51,453,INFO:Checking to see if phase requirements is in scope
2012-07-17 17:06:51,815,INFO:Checking to see if phase requirements is in scope
2012-07-17 17:06:52,096,INFO:Checking to see if phase testing is in scope
2012-07-17 17:06:52,096,INFO:Checking to see if phase testing is in scope
2012-07-17 17:06:52,096,INFO:Checking to see if phase testing is in scope
2012-07-17 17:06:52,098,INFO:Checking to see if phase testing is in scope
2012-07-17 17:06:52,098,INFO:Checking to see if phase requirements is in scope
2012-07-17 17:06:52,421,INFO:Checking to see if phase requirements is in scope
2012-07-17 17:06:52,714,INFO:Checking to see if phase development is in scope
2012-07-17 17:06:53,009,INFO:Checking to see if phase development is in scope
2012-07-17 17:06:53,341,INFO:Checking to see if phase requirements is in scope
2012-07-17 17:06:53,608,INFO:Checking to see if phase requirements is in scope
2012-07-17 17:06:54,255,INFO:Checking to see if phase development is in scope
2012-07-17 17:06:54,562,INFO:Checking to see if phase requirements is in scope
2012-07-17 17:06:54,819,INFO:Checking to see if phase development is in scope
2012-07-17 17:06:55,163,INFO:Checking to see if phase testing is in scope
2012-07-17 17:06:55,163,INFO:Checking to see if phase testing is in scope
2012-07-17 17:06:55,163,INFO:Checking to see if phase testing is in scope
2012-07-17 17:06:55,164,INFO:Checking to see if phase requirements is in scope
2012-07-17 17:06:55,688,INFO:Checking to see if phase requirements is in scope
2012-07-17 17:06:56,056,INFO:Checking to see if phase requirements is in scope
2012-07-17 17:06:56,927,INFO:Checking to see if phase requirements is in scope
2012-07-17 17:06:57,266,INFO:Checking to see if phase requirements is in scope
2012-07-17 17:06:58,002,INFO:Checking to see if phase testing is in scope
2012-07-17 17:06:58,003,INFO:Checking to see if phase testing is in scope
2012-07-17 17:06:58,003,INFO:Checking to see if phase testing is in scope
2012-07-17 17:06:58,003,INFO:Checking to see if phase testing is in scope
2012-07-17 17:06:58,003,INFO:Synchronization complete
2012-07-17 17:09:36,698,INFO:---------
2012-07-17 17:09:36,698,INFO:---------
2012-07-17 17:09:36,698,INFO:AlmConnector initialized
2012-07-17 17:09:48,775,INFO:Retrieved all tasks from SDE
2012-07-17 17:09:48,776,INFO:Checking to see if phase requirements is in scope
2012-07-17 17:09:50,026,INFO:Added task 539-CT236 to ALM
2012-07-17 17:09:50,026,INFO:Checking to see if phase requirements is in scope
2012-07-17 17:09:51,151,INFO:Added task 539-T21 to ALM
2012-07-17 17:09:51,151,INFO:Checking to see if phase development is in scope
2012-07-17 17:09:51,151,INFO:Checking to see if phase requirements is in scope
2012-07-17 17:09:52,246,INFO:Added task 539-T68 to ALM
2012-07-17 17:09:52,247,INFO:Checking to see if phase testing is in scope
2012-07-17 17:09:52,247,INFO:Checking to see if phase testing is in scope
2012-07-17 17:09:52,247,INFO:Checking to see if phase development is in scope
2012-07-17 17:09:52,247,INFO:Checking to see if phase requirements is in scope
2012-07-17 17:09:53,316,INFO:Added task 539-T134 to ALM
2012-07-17 17:09:53,316,INFO:Checking to see if phase requirements is in scope
2012-07-17 17:09:54,461,INFO:Added task 539-T136 to ALM
2012-07-17 17:09:54,461,INFO:Checking to see if phase testing is in scope
2012-07-17 17:09:54,461,INFO:Checking to see if phase requirements is in scope
2012-07-17 17:09:55,549,INFO:Added task 539-T6 to ALM
2012-07-17 17:09:55,549,INFO:Checking to see if phase requirements is in scope
2012-07-17 17:09:56,688,INFO:Added task 539-T50 to ALM
2012-07-17 17:09:56,688,INFO:Checking to see if phase requirements is in scope
2012-07-17 17:09:57,812,INFO:Added task 539-T57 to ALM
2012-07-17 17:09:57,812,INFO:Checking to see if phase testing is in scope
2012-07-17 17:09:57,812,INFO:Checking to see if phase testing is in scope
2012-07-17 17:09:57,812,INFO:Checking to see if phase testing is in scope
2012-07-17 17:09:57,812,INFO:Checking to see if phase testing is in scope
2012-07-17 17:09:57,813,INFO:Checking to see if phase requirements is in scope
2012-07-17 17:09:58,983,INFO:Added task 539-T2 to ALM
2012-07-17 17:09:58,984,INFO:Checking to see if phase development is in scope
2012-07-17 17:09:58,984,INFO:Checking to see if phase development is in scope
2012-07-17 17:09:58,984,INFO:Checking to see if phase development is in scope
2012-07-17 17:09:58,984,INFO:Checking to see if phase development is in scope
2012-07-17 17:09:58,986,INFO:Checking to see if phase development is in scope
2012-07-17 17:09:58,986,INFO:Checking to see if phase testing is in scope
2012-07-17 17:09:58,986,INFO:Checking to see if phase testing is in scope
2012-07-17 17:09:58,986,INFO:Checking to see if phase testing is in scope
2012-07-17 17:09:58,986,INFO:Checking to see if phase testing is in scope
2012-07-17 17:09:58,986,INFO:Checking to see if phase testing is in scope
2012-07-17 17:09:58,986,INFO:Checking to see if phase testing is in scope
2012-07-17 17:09:58,987,INFO:Checking to see if phase requirements is in scope
2012-07-17 17:10:00,140,INFO:Added task 539-T179 to ALM
2012-07-17 17:10:00,140,INFO:Checking to see if phase development is in scope
2012-07-17 17:10:00,141,INFO:Checking to see if phase development is in scope
2012-07-17 17:10:00,141,INFO:Checking to see if phase requirements is in scope
2012-07-17 17:10:01,743,INFO:Added task 539-T5 to ALM
2012-07-17 17:10:01,743,INFO:Checking to see if phase development is in scope
2012-07-17 17:10:01,743,INFO:Checking to see if phase architecture-design is in scope
2012-07-17 17:10:01,743,INFO:Checking to see if phase architecture-design is in scope
2012-07-17 17:10:01,743,INFO:Checking to see if phase development is in scope
2012-07-17 17:10:01,743,INFO:Checking to see if phase architecture-design is in scope
2012-07-17 17:10:01,743,INFO:Checking to see if phase architecture-design is in scope
2012-07-17 17:10:01,744,INFO:Checking to see if phase requirements is in scope
2012-07-17 17:10:02,933,INFO:Added task 539-T26 to ALM
2012-07-17 17:10:02,943,INFO:Checking to see if phase development is in scope
2012-07-17 17:10:02,943,INFO:Checking to see if phase architecture-design is in scope
2012-07-17 17:10:02,943,INFO:Checking to see if phase testing is in scope
2012-07-17 17:10:02,943,INFO:Checking to see if phase testing is in scope
2012-07-17 17:10:02,943,INFO:Checking to see if phase testing is in scope
2012-07-17 17:10:02,943,INFO:Checking to see if phase testing is in scope
2012-07-17 17:10:02,943,INFO:Checking to see if phase testing is in scope
2012-07-17 17:10:02,943,INFO:Checking to see if phase testing is in scope
2012-07-17 17:10:02,943,INFO:Checking to see if phase requirements is in scope
2012-07-17 17:10:04,181,INFO:Added task 539-T178 to ALM
2012-07-17 17:10:04,181,INFO:Checking to see if phase requirements is in scope
2012-07-17 17:10:05,381,INFO:Added task 539-T7 to ALM
2012-07-17 17:10:05,381,INFO:Checking to see if phase requirements is in scope
2012-07-17 17:10:06,479,INFO:Added task 539-T8 to ALM
2012-07-17 17:10:06,479,INFO:Checking to see if phase requirements is in scope
2012-07-17 17:10:08,062,INFO:Added task 539-T55 to ALM
2012-07-17 17:10:08,062,INFO:Checking to see if phase development is in scope
2012-07-17 17:10:08,062,INFO:Checking to see if phase development is in scope
2012-07-17 17:10:08,062,INFO:Checking to see if phase testing is in scope
2012-07-17 17:10:08,062,INFO:Checking to see if phase testing is in scope
2012-07-17 17:10:08,062,INFO:Checking to see if phase requirements is in scope
2012-07-17 17:10:09,424,INFO:Added task 539-T156 to ALM
2012-07-17 17:10:09,424,INFO:Checking to see if phase requirements is in scope
2012-07-17 17:10:10,911,INFO:Added task 539-T177 to ALM
2012-07-17 17:10:10,911,INFO:Checking to see if phase requirements is in scope
2012-07-17 17:10:12,130,INFO:Added task 539-T3 to ALM
2012-07-17 17:10:12,130,INFO:Checking to see if phase requirements is in scope
2012-07-17 17:10:13,332,INFO:Added task 539-T9 to ALM
2012-07-17 17:10:13,332,INFO:Checking to see if phase requirements is in scope
2012-07-17 17:10:14,460,INFO:Added task 539-T24 to ALM
2012-07-17 17:10:14,460,INFO:Checking to see if phase requirements is in scope
2012-07-17 17:10:15,578,INFO:Added task 539-T27 to ALM
2012-07-17 17:10:15,578,INFO:Checking to see if phase requirements is in scope
2012-07-17 17:10:16,759,INFO:Added task 539-T28 to ALM
2012-07-17 17:10:16,759,INFO:Checking to see if phase development is in scope
2012-07-17 17:10:16,759,INFO:Checking to see if phase development is in scope
2012-07-17 17:10:16,759,INFO:Checking to see if phase development is in scope
2012-07-17 17:10:16,759,INFO:Checking to see if phase testing is in scope
2012-07-17 17:10:16,759,INFO:Checking to see if phase testing is in scope
2012-07-17 17:10:16,759,INFO:Checking to see if phase testing is in scope
2012-07-17 17:10:16,760,INFO:Checking to see if phase testing is in scope
2012-07-17 17:10:16,760,INFO:Checking to see if phase testing is in scope
2012-07-17 17:10:16,760,INFO:Checking to see if phase testing is in scope
2012-07-17 17:10:16,762,INFO:Checking to see if phase architecture-design is in scope
2012-07-17 17:10:16,762,INFO:Checking to see if phase requirements is in scope
2012-07-17 17:10:17,941,INFO:Added task 539-T186 to ALM
2012-07-17 17:10:17,941,INFO:Checking to see if phase requirements is in scope
2012-07-17 17:10:19,109,INFO:Added task 539-T4 to ALM
2012-07-17 17:10:19,111,INFO:Checking to see if phase requirements is in scope
2012-07-17 17:10:20,207,INFO:Added task 539-T10 to ALM
2012-07-17 17:10:20,209,INFO:Checking to see if phase requirements is in scope
2012-07-17 17:10:21,595,INFO:Added task 539-T20 to ALM
2012-07-17 17:10:21,595,INFO:Checking to see if phase requirements is in scope
2012-07-17 17:10:22,801,INFO:Added task 539-T22 to ALM
2012-07-17 17:10:22,802,INFO:Checking to see if phase requirements is in scope
2012-07-17 17:10:23,907,INFO:Added task 539-T23 to ALM
2012-07-17 17:10:23,907,INFO:Checking to see if phase development is in scope
2012-07-17 17:10:23,907,INFO:Checking to see if phase development is in scope
2012-07-17 17:10:23,907,INFO:Checking to see if phase requirements is in scope
2012-07-17 17:10:25,392,INFO:Added task 539-T69 to ALM
2012-07-17 17:10:25,392,INFO:Checking to see if phase requirements is in scope
2012-07-17 17:10:26,559,INFO:Added task 539-T70 to ALM
2012-07-17 17:10:26,559,INFO:Checking to see if phase testing is in scope
2012-07-17 17:10:26,561,INFO:Checking to see if phase testing is in scope
2012-07-17 17:10:26,561,INFO:Checking to see if phase testing is in scope
2012-07-17 17:10:26,561,INFO:Checking to see if phase testing is in scope
2012-07-17 17:10:26,561,INFO:Checking to see if phase requirements is in scope
2012-07-17 17:10:27,688,INFO:Added task 539-T180 to ALM
2012-07-17 17:10:27,688,INFO:Checking to see if phase requirements is in scope
2012-07-17 17:10:28,835,INFO:Added task 539-T12 to ALM
2012-07-17 17:10:28,835,INFO:Checking to see if phase development is in scope
2012-07-17 17:10:28,835,INFO:Checking to see if phase development is in scope
2012-07-17 17:10:28,835,INFO:Checking to see if phase requirements is in scope
2012-07-17 17:10:29,921,INFO:Added task 539-T47 to ALM
2012-07-17 17:10:29,944,INFO:Checking to see if phase requirements is in scope
2012-07-17 17:10:31,131,INFO:Added task 539-T51 to ALM
2012-07-17 17:10:31,131,INFO:Checking to see if phase development is in scope
2012-07-17 17:10:31,131,INFO:Checking to see if phase requirements is in scope
2012-07-17 17:10:32,221,INFO:Added task 539-T65 to ALM
2012-07-17 17:10:32,223,INFO:Checking to see if phase development is in scope
2012-07-17 17:10:32,223,INFO:Checking to see if phase testing is in scope
2012-07-17 17:10:32,223,INFO:Checking to see if phase testing is in scope
2012-07-17 17:10:32,223,INFO:Checking to see if phase testing is in scope
2012-07-17 17:10:32,223,INFO:Checking to see if phase requirements is in scope
2012-07-17 17:10:33,480,INFO:Added task 539-T135 to ALM
2012-07-17 17:10:33,480,INFO:Checking to see if phase requirements is in scope
2012-07-17 17:10:34,878,INFO:Added task 539-T25 to ALM
2012-07-17 17:10:34,878,INFO:Checking to see if phase requirements is in scope
2012-07-17 17:10:36,180,INFO:Added task 539-T44 to ALM
2012-07-17 17:10:36,180,INFO:Checking to see if phase requirements is in scope
2012-07-17 17:10:37,374,INFO:Added task 539-T56 to ALM
2012-07-17 17:10:37,374,INFO:Checking to see if phase requirements is in scope
2012-07-17 17:10:38,519,INFO:Added task 539-T73 to ALM
2012-07-17 17:10:38,519,INFO:Checking to see if phase testing is in scope
2012-07-17 17:10:38,519,INFO:Checking to see if phase testing is in scope
2012-07-17 17:10:38,519,INFO:Checking to see if phase testing is in scope
2012-07-17 17:10:38,519,INFO:Checking to see if phase testing is in scope
2012-07-17 17:10:38,519,INFO:Synchronization complete
2012-07-17 17:11:51,740,INFO:---------
2012-07-17 17:11:51,742,INFO:---------
2012-07-17 17:11:51,742,INFO:AlmConnector initialized
2012-07-17 17:12:02,486,INFO:Retrieved all tasks from SDE
2012-07-17 17:12:04,204,INFO:Attempting to update task 539-T136 to DONE
2012-07-17 17:12:04,658,INFO:Status for task 539-T136 successfully set in SD Elements
2012-07-17 17:12:16,135,INFO:Synchronization complete
2012-07-17 17:15:42,789,INFO:---------
2012-07-17 17:15:42,789,INFO:---------
2012-07-17 17:15:42,789,INFO:AlmConnector initialized
2012-07-17 17:15:54,453,INFO:Retrieved all tasks from SDE
2012-07-17 17:15:54,828,INFO:Attempting to update task 539-CT236 to TODO
2012-07-17 17:15:55,292,INFO:Status for task 539-CT236 successfully set in SD Elements
2012-07-17 17:16:07,963,INFO:Synchronization complete
2012-07-17 17:19:15,489,INFO:---------
2012-07-17 17:19:15,549,INFO:---------
2012-07-17 17:19:15,549,INFO:AlmConnector initialized
2012-07-17 17:19:32,651,INFO:---------
2012-07-17 17:19:32,651,INFO:---------
2012-07-17 17:19:32,651,INFO:AlmConnector initialized
2012-07-17 17:20:01,993,INFO:---------
2012-07-17 17:20:01,993,INFO:---------
2012-07-17 17:20:01,993,INFO:AlmConnector initialized
2012-07-17 17:20:15,532,INFO:Retrieved all tasks from SDE
2012-07-17 17:21:12,711,INFO:---------
2012-07-17 17:21:12,711,INFO:---------
2012-07-17 17:21:12,711,INFO:AlmConnector initialized
2012-07-17 17:21:24,608,INFO:Retrieved all tasks from SDE
2012-07-17 17:21:25,148,INFO:Added task 539-CT236 to ALM
2012-07-17 17:21:25,368,INFO:Added task 539-T21 to ALM
2012-07-17 17:21:25,785,INFO:Added task 539-T38 to ALM
2012-07-17 17:21:26,174,INFO:Added task 539-T68 to ALM
2012-07-17 17:21:26,568,INFO:Added task 539-T133 to ALM
2012-07-17 17:21:26,766,INFO:Added task 539-T134 to ALM
2012-07-17 17:21:27,028,INFO:Added task 539-T136 to ALM
2012-07-17 17:21:27,448,INFO:Added task 539-T6 to ALM
2012-07-17 17:21:27,658,INFO:Added task 539-T50 to ALM
2012-07-17 17:21:28,069,INFO:Added task 539-T57 to ALM
2012-07-17 17:21:28,509,INFO:Added task 539-T2 to ALM
2012-07-17 17:21:28,757,INFO:Added task 539-T17 to ALM
2012-07-17 17:21:28,970,INFO:Added task 539-T33 to ALM
2012-07-17 17:21:29,401,INFO:Added task 539-T36 to ALM
2012-07-17 17:21:29,805,INFO:Added task 539-T37 to ALM
2012-07-17 17:21:30,181,INFO:Added task 539-T48 to ALM
2012-07-17 17:21:30,581,INFO:Added task 539-T179 to ALM
2012-07-17 17:21:30,960,INFO:Added task 539-T184 to ALM
2012-07-17 17:21:31,371,INFO:Added task 539-T31 to ALM
2012-07-17 17:21:31,773,INFO:Added task 539-T5 to ALM
2012-07-17 17:21:32,187,INFO:Added task 539-T11 to ALM
2012-07-17 17:21:32,592,INFO:Added task 539-T16 to ALM
2012-07-17 17:21:32,792,INFO:Added task 539-T26 to ALM
2012-07-17 17:21:33,170,INFO:Added task 539-T29 to ALM
2012-07-17 17:21:33,592,INFO:Added task 539-T178 to ALM
2012-07-17 17:21:34,052,INFO:Added task 539-T7 to ALM
2012-07-17 17:21:34,461,INFO:Added task 539-T8 to ALM
2012-07-17 17:21:34,848,INFO:Added task 539-T55 to ALM
2012-07-17 17:21:35,243,INFO:Added task 539-T61 to ALM
2012-07-17 17:21:35,703,INFO:Added task 539-T66 to ALM
2012-07-17 17:21:35,941,INFO:Added task 539-T156 to ALM
2012-07-17 17:21:36,398,INFO:Added task 539-T177 to ALM
2012-07-17 17:21:36,864,INFO:Added task 539-T3 to ALM
2012-07-17 17:21:37,273,INFO:Added task 539-T9 to ALM
2012-07-17 17:21:37,654,INFO:Added task 539-T24 to ALM
2012-07-17 17:21:37,854,INFO:Added task 539-T27 to ALM
2012-07-17 17:21:38,233,INFO:Added task 539-T28 to ALM
2012-07-17 17:21:38,667,INFO:Added task 539-T34 to ALM
2012-07-17 17:21:39,053,INFO:Added task 539-T49 to ALM
2012-07-17 17:21:39,522,INFO:Added task 539-T76 to ALM
2012-07-17 17:21:39,984,INFO:Added task 539-T186 to ALM
2012-07-17 17:21:40,454,INFO:Added task 539-T4 to ALM
2012-07-17 17:21:40,875,INFO:Added task 539-T10 to ALM
2012-07-17 17:21:41,322,INFO:Added task 539-T20 to ALM
2012-07-17 17:21:41,831,INFO:Added task 539-T22 to ALM
2012-07-17 17:21:42,207,INFO:Added task 539-T23 to ALM
2012-07-17 17:21:42,618,INFO:Added task 539-T40 to ALM
2012-07-17 17:21:43,048,INFO:Added task 539-T63 to ALM
2012-07-17 17:21:43,492,INFO:Added task 539-T69 to ALM
2012-07-17 17:21:43,894,INFO:Added task 539-T70 to ALM
2012-07-17 17:21:44,404,INFO:Added task 539-T180 to ALM
2012-07-17 17:21:44,624,INFO:Added task 539-T12 to ALM
2012-07-17 17:21:45,043,INFO:Added task 539-T39 to ALM
2012-07-17 17:21:45,434,INFO:Added task 539-T45 to ALM
2012-07-17 17:21:45,864,INFO:Added task 539-T47 to ALM
2012-07-17 17:21:46,273,INFO:Added task 539-T51 to ALM
2012-07-17 17:21:46,654,INFO:Added task 539-T64 to ALM
2012-07-17 17:21:46,874,INFO:Added task 539-T65 to ALM
2012-07-17 17:21:47,342,INFO:Added task 539-T71 to ALM
2012-07-17 17:21:47,586,INFO:Added task 539-T135 to ALM
2012-07-17 17:21:47,796,INFO:Added task 539-T25 to ALM
2012-07-17 17:21:48,006,INFO:Added task 539-T44 to ALM
2012-07-17 17:21:48,213,INFO:Added task 539-T56 to ALM
2012-07-17 17:21:48,668,INFO:Added task 539-T73 to ALM
2012-07-17 17:21:48,668,INFO:Synchronization complete
2012-07-17 17:22:16,440,INFO:---------
2012-07-17 17:22:16,525,INFO:---------
2012-07-17 17:22:16,525,INFO:AlmConnector initialized
2012-07-17 17:22:26,868,INFO:Retrieved all tasks from SDE
2012-07-17 17:22:26,938,INFO:Attempting to update task 539-CT236 to DONE
2012-07-17 17:22:27,489,INFO:Status for task 539-CT236 successfully set in SD Elements
2012-07-17 17:22:27,930,INFO:Synchronization complete
2012-07-17 17:32:24,299,INFO:---------
2012-07-17 17:32:24,299,INFO:---------
2012-07-17 17:32:24,299,INFO:AlmConnector initialized
2012-07-17 17:32:35,309,INFO:Retrieved all tasks from SDE
2012-07-17 17:32:35,697,INFO:Attempting to update task 539-CT236 to TODO
2012-07-17 17:32:35,977,INFO:Status for task 539-CT236 successfully set in SD Elements
2012-07-17 17:32:47,887,INFO:Synchronization complete
